Build started 3/22/2017 6:52:08 PM.
     1>Project "C:\Users\XM\Desktop\Class\CSE 169\Project_4\Project1\Project1\Project1.vcxproj" on node 2 (Build target(s)).
     1>ClCompile:
         C:\Program Files (x86)\Microsoft Visual Studio 12.0\VC\bin\CL.exe /c /I"C:\glut\glut-3.7.6-bin" /ZI /nologo /W3 /WX- /sdl /Od /Oy- /D _CRT_SECURE_NO_WARNINGS /D _MBCS /Gm /EHsc /RTC1 /MDd /GS /fp:precise /Zc:wchar_t /Zc:forScope /Fo"Debug\\" /Fd"Debug\vc120.pdb" /Gd /TP /analyze- /errorReport:prompt camera.cpp core.cpp cube.cpp DOF.cpp Gait.cpp Joint.cpp LegIK.cpp matrix34.cpp Skeleton.cpp Skin.cpp Source.cpp tester.cpp token.cpp vector3.cpp Wasp.cpp
         Wasp.cpp
         vector3.cpp
         token.cpp
         tester.cpp
         Source.cpp
         Skin.cpp
         Skeleton.cpp
         matrix34.cpp
         LegIK.cpp
         Joint.cpp
         Gait.cpp
         DOF.cpp
         cube.cpp
         core.cpp
         camera.cpp
         Generating Code...
       Link:
         C:\Program Files (x86)\Microsoft Visual Studio 12.0\VC\bin\link.exe /ERRORREPORT:PROMPT /OUT:"C:\Users\XM\Desktop\Class\CSE 169\Project_4\Project1\Debug\Project1.exe" /INCREMENTAL /NOLOGO /LIBPATH:"C:\glut\glut-3.7.6-bin" kernel32.lib user32.lib gdi32.lib winspool.lib comdlg32.lib advapi32.lib shell32.lib ole32.lib oleaut32.lib uuid.lib odbc32.lib odbccp32.lib /MANIFEST /MANIFESTUAC:"level='asInvoker' uiAccess='false'" /manifest:embed /DEBUG /PDB:"C:\Users\XM\Desktop\Class\CSE 169\Project_4\Project1\Debug\Project1.pdb" /TLBID:1 /DYNAMICBASE /NXCOMPAT /IMPLIB:"C:\Users\XM\Desktop\Class\CSE 169\Project_4\Project1\Debug\Project1.lib" /MACHINE:X86 Debug\camera.obj
         Debug\core.obj
         Debug\cube.obj
         Debug\DOF.obj
         Debug\Gait.obj
         Debug\Joint.obj
         Debug\LegIK.obj
         Debug\matrix34.obj
         Debug\Skeleton.obj
         Debug\Skin.obj
         Debug\Source.obj
         Debug\tester.obj
         Debug\token.obj
         Debug\vector3.obj
         Debug\Wasp.obj
         Project1.vcxproj -> C:\Users\XM\Desktop\Class\CSE 169\Project_4\Project1\Debug\Project1.exe
     1>Done Building Project "C:\Users\XM\Desktop\Class\CSE 169\Project_4\Project1\Project1\Project1.vcxproj" (Build target(s)).

Build succeeded.

Time Elapsed 00:00:08.95
